<?xml version="1.0" encoding="UTF-8"?>
<robot generator="Robot 3.1.1 (Python 3.7.2 on win32)" generated="20190524 18:17:43.505" rpa="false">
<suite id="s1" name="DojoC4" source="C:\MeusProjetos\DojoCarrefour\Testes\DojoC4.robot">
<kw name="Open Browser To Login valid" library="ResourceCommonCarrefour" type="setup">
<kw name="Open Browser" library="SeleniumLibrary">
<doc>Opens a new browser instance to the given ``url``.</doc>
<arguments>
<arg>${LOGIN URL}</arg>
<arg>${BROWSER}</arg>
</arguments>
<msg timestamp="20190524 18:17:43.766" level="INFO">Opening browser 'Chrome' to base url 'https://preprod.carrefour.com.br/login'.</msg>
<status status="PASS" starttime="20190524 18:17:43.766" endtime="20190524 18:17:58.793"></status>
</kw>
<kw name="Maximize Browser Window" library="SeleniumLibrary">
<doc>Maximizes current browser window.</doc>
<status status="PASS" starttime="20190524 18:17:58.793" endtime="20190524 18:18:00.305"></status>
</kw>
<kw name="Set Selenium Timeout" library="SeleniumLibrary">
<doc>Sets the timeout that is used by various keywords.</doc>
<arguments>
<arg>${DELAY}</arg>
</arguments>
<status status="PASS" starttime="20190524 18:18:00.305" endtime="20190524 18:18:00.309"></status>
</kw>
<kw name="Element Should Contain" library="SeleniumLibrary">
<doc>Verifies that element ``locator`` contains text ``expected``.</doc>
<arguments>
<arg>//*[contains(text(),"Entrar na minha conta")]</arg>
<arg>${AcessoLogin}</arg>
</arguments>
<msg timestamp="20190524 18:18:00.619" level="INFO">Element '//*[contains(text(),"Entrar na minha conta")]' contains text 'Entrar na minha conta'.</msg>
<status status="PASS" starttime="20190524 18:18:00.309" endtime="20190524 18:18:00.619"></status>
</kw>
<kw name="Input Text" library="SeleniumLibrary">
<doc>Types the given ``text`` into text field identified by ``locator``.</doc>
<arguments>
<arg>//*[@id="j_username"]</arg>
<arg>${EMAIL}</arg>
</arguments>
<msg timestamp="20190524 18:18:00.620" level="INFO">Typing text 'anadson_silva@carrefour.com' into text field '//*[@id="j_username"]'.</msg>
<status status="PASS" starttime="20190524 18:18:00.620" endtime="20190524 18:18:00.873"></status>
</kw>
<kw name="Input Text" library="SeleniumLibrary">
<doc>Types the given ``text`` into text field identified by ``locator``.</doc>
<arguments>
<arg>//*[@id="j_password"]</arg>
<arg>${PASSWORD}</arg>
</arguments>
<msg timestamp="20190524 18:18:00.874" level="INFO">Typing text 'C@rr3four007' into text field '//*[@id="j_password"]'.</msg>
<status status="PASS" starttime="20190524 18:18:00.873" endtime="20190524 18:18:00.991"></status>
</kw>
<kw name="Click Button" library="SeleniumLibrary">
<doc>Clicks button identified by ``locator``.</doc>
<arguments>
<arg>//*[@id="loginForm"]/div[4]/button</arg>
</arguments>
<msg timestamp="20190524 18:18:00.991" level="INFO">Clicking button '//*[@id="loginForm"]/div[4]/button'.</msg>
<status status="PASS" starttime="20190524 18:18:00.991" endtime="20190524 18:18:01.101"></status>
</kw>
<kw name="Sleep" library="BuiltIn">
<doc>Pauses the test executed for the given time.</doc>
<arguments>
<arg>10s</arg>
</arguments>
<msg timestamp="20190524 18:18:11.103" level="INFO">Slept 10 seconds</msg>
<status status="PASS" starttime="20190524 18:18:01.101" endtime="20190524 18:18:11.103"></status>
</kw>
<kw name="Page Should Contain Element" library="SeleniumLibrary">
<doc>Verifies that element ``locator`` is found on the current page.</doc>
<arguments>
<arg>//h3[contains(text(),"Carrinho")]</arg>
<arg>${TituloPagina}</arg>
</arguments>
<msg timestamp="20190524 18:18:16.281" level="INFO">Current page contains element '//h3[contains(text(),"Carrinho")]'.</msg>
<status status="PASS" starttime="20190524 18:18:11.103" endtime="20190524 18:18:16.281"></status>
</kw>
<kw name="Sleep" library="BuiltIn">
<doc>Pauses the test executed for the given time.</doc>
<arguments>
<arg>6s</arg>
</arguments>
<msg timestamp="20190524 18:18:22.283" level="INFO">Slept 6 seconds</msg>
<status status="PASS" starttime="20190524 18:18:16.281" endtime="20190524 18:18:22.284"></status>
</kw>
<status status="PASS" starttime="20190524 18:17:43.766" endtime="20190524 18:18:22.284"></status>
</kw>
<test id="s1-t1" name="CENARIO 1: Colocar no carrinho de compras um notebook da marca DELL, que tenha a opção do Click e retire. (Confira!)">
<kw name="Dado que estou logado no site do Carrefour na tela de Carrinho que esteja vazio" library="FuncDojoC4">
<kw name="Click Element" library="SeleniumLibrary">
<doc>Click element identified by ``locator``.</doc>
<arguments>
<arg>//*[@class="js-mini-cart-link miniCart"]</arg>
</arguments>
<msg timestamp="20190524 18:18:22.290" level="INFO">Clicking element '//*[@class="js-mini-cart-link miniCart"]'.</msg>
<status status="PASS" starttime="20190524 18:18:22.290" endtime="20190524 18:18:39.800"></status>
</kw>
<kw name="Sleep" library="BuiltIn">
<doc>Pauses the test executed for the given time.</doc>
<arguments>
<arg>5s</arg>
</arguments>
<msg timestamp="20190524 18:18:44.803" level="INFO">Slept 5 seconds</msg>
<status status="PASS" starttime="20190524 18:18:39.801" endtime="20190524 18:18:44.803"></status>
</kw>
<kw name="Set Focus To Element" library="SeleniumLibrary">
<doc>Sets focus to element identified by ``locator``.</doc>
<arguments>
<arg>//*[@id="cartContent"]</arg>
</arguments>
<status status="PASS" starttime="20190524 18:18:44.804" endtime="20190524 18:18:44.840"></status>
</kw>
<kw name="Element Text Should Be" library="SeleniumLibrary">
<doc>Verifies that element ``locator`` contains exact text ``expected``.</doc>
<arguments>
<arg>//*[@id="cartContent"]/strong</arg>
<arg>${MsgNavegacao}</arg>
</arguments>
<msg timestamp="20190524 18:18:44.840" level="INFO">Verifying element '//*[@id="cartContent"]/strong' contains exact text 'Tem muito o que ver por aqui é só escolher por onde começar.'.</msg>
<status status="PASS" starttime="20190524 18:18:44.840" endtime="20190524 18:18:44.866"></status>
</kw>
<kw name="Set Suite Variable" library="BuiltIn">
<doc>Makes a variable available everywhere within the scope of the current suite.</doc>
<arguments>
<arg>${MsgNavegacao}</arg>
</arguments>
<msg timestamp="20190524 18:18:44.867" level="INFO">${MsgNavegacao} = Tem muito o que ver por aqui é só escolher por onde começar.</msg>
<status status="PASS" starttime="20190524 18:18:44.866" endtime="20190524 18:18:44.867"></status>
</kw>
<kw name="Sleep" library="BuiltIn">
<doc>Pauses the test executed for the given time.</doc>
<arguments>
<arg>5s</arg>
</arguments>
<msg timestamp="20190524 18:18:49.868" level="INFO">Slept 5 seconds</msg>
<status status="PASS" starttime="20190524 18:18:44.867" endtime="20190524 18:18:49.868"></status>
</kw>
<kw name="Set Focus To Element" library="SeleniumLibrary">
<doc>Sets focus to element identified by ``locator``.</doc>
<arguments>
<arg>//*[@id="cartContent"]/p</arg>
</arguments>
<status status="PASS" starttime="20190524 18:18:49.869" endtime="20190524 18:18:49.922"></status>
</kw>
<kw name="Element Should Contain" library="SeleniumLibrary">
<doc>Verifies that element ``locator`` contains text ``expected``.</doc>
<arguments>
<arg>//*[@id="cartContent"]/p</arg>
<arg>${MeuUsuario}</arg>
</arguments>
<msg timestamp="20190524 18:18:49.973" level="INFO">Element '//*[@id="cartContent"]/p' contains text 'O seu carrinho ainda está vazio.'.</msg>
<status status="PASS" starttime="20190524 18:18:49.922" endtime="20190524 18:18:49.974"></status>
</kw>
<kw name="Sleep" library="BuiltIn">
<doc>Pauses the test executed for the given time.</doc>
<arguments>
<arg>4s</arg>
</arguments>
<msg timestamp="20190524 18:18:53.975" level="INFO">Slept 4 seconds</msg>
<status status="PASS" starttime="20190524 18:18:49.974" endtime="20190524 18:18:53.976"></status>
</kw>
<status status="PASS" starttime="20190524 18:18:22.288" endtime="20190524 18:18:53.976"></status>
</kw>
<kw name="Quando eu pesquisar pelo produto Notebook da marca Dell" library="FuncDojoC4">
<kw name="Input Text" library="SeleniumLibrary">
<doc>Types the given ``text`` into text field identified by ``locator``.</doc>
<arguments>
<arg>//*[@id="js-site-search-input"]</arg>
<arg>${ProdutoNotebook}</arg>
</arguments>
<msg timestamp="20190524 18:18:53.981" level="INFO">Typing text 'Notebook Dell' into text field '//*[@id="js-site-search-input"]'.</msg>
<status status="PASS" starttime="20190524 18:18:53.979" endtime="20190524 18:18:54.170"></status>
</kw>
<kw name="Sleep" library="BuiltIn">
<doc>Pauses the test executed for the given time.</doc>
<arguments>
<arg>4s</arg>
</arguments>
<msg timestamp="20190524 18:18:58.172" level="INFO">Slept 4 seconds</msg>
<status status="PASS" starttime="20190524 18:18:54.171" endtime="20190524 18:18:58.173"></status>
</kw>
<kw name="Click Button" library="SeleniumLibrary">
<doc>Clicks button identified by ``locator``.</doc>
<arguments>
<arg>//*[@id="searchForm"]/button</arg>
</arguments>
<msg timestamp="20190524 18:18:58.174" level="INFO">Clicking button '//*[@id="searchForm"]/button'.</msg>
<status status="PASS" starttime="20190524 18:18:58.173" endtime="20190524 18:19:04.937"></status>
</kw>
<kw name="Sleep" library="BuiltIn">
<doc>Pauses the test executed for the given time.</doc>
<arguments>
<arg>7s</arg>
</arguments>
<msg timestamp="20190524 18:19:11.940" level="INFO">Slept 7 seconds</msg>
<status status="PASS" starttime="20190524 18:19:04.937" endtime="20190524 18:19:11.940"></status>
</kw>
<status status="PASS" starttime="20190524 18:18:53.978" endtime="20190524 18:19:11.940"></status>
</kw>
<kw name="E inserir no meu carrinho de compras o produto que tenha a opcao do Click e retire" library="FuncDojoC4">
<kw name="Click Image" library="SeleniumLibrary">
<doc>Clicks an image identified by ``locator``.</doc>
<arguments>
<arg>//form[@class="addToCartForm5490286 srp-dad-buy"]//*[@class="img-responsive center-block"]</arg>
</arguments>
<msg timestamp="20190524 18:19:11.942" level="INFO">Clicking image '//form[@class="addToCartForm5490286 srp-dad-buy"]//*[@class="img-responsive center-block"]'.</msg>
<status status="PASS" starttime="20190524 18:19:11.942" endtime="20190524 18:19:20.061"></status>
</kw>
<kw name="Sleep" library="BuiltIn">
<doc>Pauses the test executed for the given time.</doc>
<arguments>
<arg>5s</arg>
</arguments>
<msg timestamp="20190524 18:19:25.064" level="INFO">Slept 5 seconds</msg>
<status status="PASS" starttime="20190524 18:19:20.061" endtime="20190524 18:19:25.064"></status>
</kw>
<kw name="Page Should Contain Image" library="SeleniumLibrary">
<doc>Verifies image identified by ``locator`` is found from current page.</doc>
<arguments>
<arg>//div[@class="block-list-stamp-product"]//*[@class="lazyOwl img-responsive"]</arg>
</arguments>
<msg timestamp="20190524 18:19:25.089" level="INFO">Current page contains image '//div[@class="block-list-stamp-product"]//*[@class="lazyOwl img-responsive"]'.</msg>
<status status="PASS" starttime="20190524 18:19:25.064" endtime="20190524 18:19:25.090"></status>
</kw>
<kw name="Capture Element Screenshot" library="SeleniumLibrary">
<doc>Captures screenshot from the element identified by ``locator`` and embeds it into log file.</doc>
<arguments>
<arg>//div[@class="block-list-stamp-product"]//*[@class="lazyOwl img-responsive"]</arg>
</arguments>
<msg timestamp="20190524 18:19:25.478" level="INFO" html="yes">&lt;/td&gt;&lt;/tr&gt;&lt;tr&gt;&lt;td colspan="3"&gt;&lt;a href="selenium-element-screenshot-2.png"&gt;&lt;img src="selenium-element-screenshot-2.png" width="400px"&gt;&lt;/a&gt;</msg>
<status status="PASS" starttime="20190524 18:19:25.090" endtime="20190524 18:19:25.479"></status>
</kw>
<kw name="Click Button" library="SeleniumLibrary">
<doc>Clicks button identified by ``locator``.</doc>
<arguments>
<arg>//*[@id="buyProductButtonBottom"]</arg>
</arguments>
<msg timestamp="20190524 18:19:25.479" level="INFO">Clicking button '//*[@id="buyProductButtonBottom"]'.</msg>
<status status="PASS" starttime="20190524 18:19:25.479" endtime="20190524 18:19:26.678"></status>
</kw>
<kw name="Sleep" library="BuiltIn">
<doc>Pauses the test executed for the given time.</doc>
<arguments>
<arg>6s</arg>
</arguments>
<msg timestamp="20190524 18:19:32.680" level="INFO">Slept 6 seconds</msg>
<status status="PASS" starttime="20190524 18:19:26.678" endtime="20190524 18:19:32.680"></status>
</kw>
<kw name="Click Button" library="SeleniumLibrary">
<doc>Clicks button identified by ``locator``.</doc>
<arguments>
<arg>//*[@id="js-services"]/div[4]/button[2]</arg>
</arguments>
<msg timestamp="20190524 18:19:32.681" level="INFO">Clicking button '//*[@id="js-services"]/div[4]/button[2]'.</msg>
<kw name="Capture Page Screenshot" library="SeleniumLibrary">
<doc>Takes screenshot of the current page and embeds it into log file.</doc>
<msg timestamp="20190524 18:19:33.061" level="INFO" html="yes">&lt;/td&gt;&lt;/tr&gt;&lt;tr&gt;&lt;td colspan="3"&gt;&lt;a href="selenium-screenshot-4.png"&gt;&lt;img src="selenium-screenshot-4.png" width="800px"&gt;&lt;/a&gt;</msg>
<status status="PASS" starttime="20190524 18:19:32.727" endtime="20190524 18:19:33.061"></status>
</kw>
<msg timestamp="20190524 18:19:33.063" level="FAIL">Button with locator '//*[@id="js-services"]/div[4]/button[2]' not found.</msg>
<status status="FAIL" starttime="20190524 18:19:32.680" endtime="20190524 18:19:33.063"></status>
</kw>
<status status="FAIL" starttime="20190524 18:19:11.941" endtime="20190524 18:19:33.063"></status>
</kw>
<status status="FAIL" starttime="20190524 18:18:22.285" endtime="20190524 18:19:33.064" critical="yes">Button with locator '//*[@id="js-services"]/div[4]/button[2]' not found.</status>
</test>
<test id="s1-t2" name="CENARIO 2: Excluir do carrinho o produto informado. (Confira!)">
<kw name="Dado que eu tenha um produto no meu carrinho" library="FuncDojoC4">
<kw name="Page Should Contain Element" library="SeleniumLibrary">
<doc>Verifies that element ``locator`` is found on the current page.</doc>
<arguments>
<arg>//*[@id="cartContent"]/div[5]/div[1]/ul/li/div[1]/div/div[2]</arg>
</arguments>
<kw name="Capture Page Screenshot" library="SeleniumLibrary">
<doc>Takes screenshot of the current page and embeds it into log file.</doc>
<msg timestamp="20190524 18:19:33.418" level="INFO" html="yes">&lt;/td&gt;&lt;/tr&gt;&lt;tr&gt;&lt;td colspan="3"&gt;&lt;a href="selenium-screenshot-5.png"&gt;&lt;img src="selenium-screenshot-5.png" width="800px"&gt;&lt;/a&gt;</msg>
<status status="PASS" starttime="20190524 18:19:33.085" endtime="20190524 18:19:33.419"></status>
</kw>
<msg timestamp="20190524 18:19:33.420" level="FAIL">Page should have contained element '//*[@id="cartContent"]/div[5]/div[1]/ul/li/div[1]/div/div[2]' but did not.</msg>
<status status="FAIL" starttime="20190524 18:19:33.067" endtime="20190524 18:19:33.420"></status>
</kw>
<status status="FAIL" starttime="20190524 18:19:33.067" endtime="20190524 18:19:33.420"></status>
</kw>
<status status="FAIL" starttime="20190524 18:19:33.066" endtime="20190524 18:19:33.421" critical="yes">Page should have contained element '//*[@id="cartContent"]/div[5]/div[1]/ul/li/div[1]/div/div[2]' but did not.</status>
</test>
<status status="FAIL" starttime="20190524 18:17:43.509" endtime="20190524 18:19:33.422"></status>
</suite>
<statistics>
<total>
<stat pass="0" fail="2">Critical Tests</stat>
<stat pass="0" fail="2">All Tests</stat>
</total>
<tag>
</tag>
<suite>
<stat pass="0" fail="2" id="s1" name="DojoC4">DojoC4</stat>
</suite>
</statistics>
<errors>
</errors>
</robot>
